<?xml version="1.0" encoding="UTF-8"?>
<!-- Generated by org.testng.reporters.JUnitXMLReporter -->
<testsuite ignored="3" hostname="LAPTOP-S19F7Q80" failures="0" tests="1" name="Default test" time="32.805" errors="0" timestamp="2023-03-10T01:49:51 IST">
  <testcase classname="CartModule.CartTest" name="DeleteAddedFirstItem" time="24.291"/>
  <testcase classname="CartModule.CartTest" name="DeleteItem" time="0.0">
    <ignored/>
  </testcase> <!-- DeleteItem -->
  <testcase classname="CartModule.CartTest" name="AddToCart" time="0.0">
    <ignored/>
  </testcase> <!-- AddToCart -->
  <testcase classname="CartModule.CartTest" name="FirstItem" time="0.0">
    <ignored/>
  </testcase> <!-- FirstItem -->
</testsuite> <!-- Default test -->
