<?xml version="1.0" encoding="UTF-8"?>
<testng-results ignored="1" total="2" passed="1" failed="0" skipped="0">
  <reporter-output>
    <line>
      <![CDATA[- - - DataBase Connected Succesfully - - -]]>
    </line>
    <line>
      <![CDATA[Execution of Suite File was Started]]>
    </line>
    <line>
      <![CDATA[ - - - chrome Has Launched Succesfully - - - ]]>
    </line>
    <line>
      <![CDATA[ - - - Logged Into The Application Succesfully - - - ]]>
    </line>
    <line>
      <![CDATA[ - - - Logged Out From The Application Succesfully - - - ]]>
    </line>
    <line>
      <![CDATA[ - - - chrome Has Closed Succesfully - - - ]]>
    </line>
    <line>
      <![CDATA[Execution of Suite File was Finished]]>
    </line>
    <line>
      <![CDATA[- - - DataBase Closed Succesfully - - - ]]>
    </line>
  </reporter-output>
  <suite started-at="2023-03-09T22:49:43 IST" name="Default suite" finished-at="2023-03-09T22:50:09 IST" duration-ms="25889">
    <groups>
    </groups>
    <test started-at="2023-03-09T22:49:43 IST" name="Default test" finished-at="2023-03-09T22:50:09 IST" duration-ms="25889">
      <class name="CartModule.CartTest">
        <test-method is-config="true" signature="bsConfigration()[pri:0, instance:CartModule.CartTest@79e2c065]" started-at="2023-03-09T22:49:43 IST" name="bsConfigration" finished-at="2023-03-09T22:49:43 IST" duration-ms="6" status="PASS">
          <reporter-output>
            <line>
              <![CDATA[- - - DataBase Connected Succesfully - - -]]>
            </line>
          </reporter-output>
        </test-method> <!-- bsConfigration -->
        <test-method is-config="true" signature="bcConfigration()[pri:0, instance:CartModule.CartTest@79e2c065]" started-at="2023-03-09T22:49:44 IST" name="bcConfigration" finished-at="2023-03-09T22:49:49 IST" duration-ms="5478" status="PASS">
          <reporter-output>
            <line>
              <![CDATA[ - - - chrome Has Launched Succesfully - - - ]]>
            </line>
          </reporter-output>
        </test-method> <!-- bcConfigration -->
        <test-method is-config="true" signature="bmConfigration()[pri:0, instance:CartModule.CartTest@79e2c065]" started-at="2023-03-09T22:49:49 IST" name="bmConfigration" finished-at="2023-03-09T22:49:51 IST" duration-ms="1838" status="PASS">
          <reporter-output>
            <line>
              <![CDATA[ - - - Logged Into The Application Succesfully - - - ]]>
            </line>
          </reporter-output>
        </test-method> <!-- bmConfigration -->
        <test-method signature="DeleteItem()[pri:0, instance:CartModule.CartTest@79e2c065]" started-at="2023-03-09T22:49:51 IST" name="DeleteItem" finished-at="2023-03-09T22:50:07 IST" duration-ms="16496" status="PASS">
          <reporter-output>
          </reporter-output>
        </test-method> <!-- DeleteItem -->
        <test-method is-config="true" signature="amConfigration()[pri:0, instance:CartModule.CartTest@79e2c065]" started-at="2023-03-09T22:50:07 IST" name="amConfigration" finished-at="2023-03-09T22:50:09 IST" duration-ms="1520" status="PASS">
          <reporter-output>
            <line>
              <![CDATA[ - - - Logged Out From The Application Succesfully - - - ]]>
            </line>
          </reporter-output>
        </test-method> <!-- amConfigration -->
        <test-method is-config="true" signature="acConfigration()[pri:0, instance:CartModule.CartTest@79e2c065]" started-at="2023-03-09T22:50:09 IST" name="acConfigration" finished-at="2023-03-09T22:50:09 IST" duration-ms="331" status="PASS">
          <reporter-output>
            <line>
              <![CDATA[ - - - chrome Has Closed Succesfully - - - ]]>
            </line>
          </reporter-output>
        </test-method> <!-- acConfigration -->
        <test-method is-config="true" signature="asConfigration()[pri:0, instance:CartModule.CartTest@79e2c065]" started-at="2023-03-09T22:50:10 IST" name="asConfigration" finished-at="2023-03-09T22:50:10 IST" duration-ms="0" status="PASS">
          <reporter-output>
            <line>
              <![CDATA[- - - DataBase Closed Succesfully - - - ]]>
            </line>
          </reporter-output>
        </test-method> <!-- asConfigration -->
      </class> <!-- CartModule.CartTest -->
    </test> <!-- Default test -->
  </suite> <!-- Default suite -->
</testng-results>
