<?xml version="1.0" encoding="UTF-8"?>
<testng-results ignored="1" total="2" passed="1" failed="0" skipped="0">
  <reporter-output>
    <line>
      <![CDATA[- - - DataBase Connected Succesfully - - -]]>
    </line>
    <line>
      <![CDATA[Execution of Suite File was Started]]>
    </line>
    <line>
      <![CDATA[ - - - chrome Has Launched Succesfully - - - ]]>
    </line>
    <line>
      <![CDATA[ - - - Logged Into The Application Succesfully - - - ]]>
    </line>
    <line>
      <![CDATA[ - - - Logged Out From The Application Succesfully - - - ]]>
    </line>
    <line>
      <![CDATA[ - - - chrome Has Closed Succesfully - - - ]]>
    </line>
    <line>
      <![CDATA[Execution of Suite File was Finished]]>
    </line>
    <line>
      <![CDATA[- - - DataBase Closed Succesfully - - - ]]>
    </line>
  </reporter-output>
  <suite started-at="2023-03-01T12:36:19 IST" name="Default suite" finished-at="2023-03-01T12:36:56 IST" duration-ms="37527">
    <groups>
    </groups>
    <test started-at="2023-03-01T12:36:19 IST" name="Default test" finished-at="2023-03-01T12:36:56 IST" duration-ms="37527">
      <class name="CartModule.CartTest">
        <test-method is-config="true" signature="bsConfigration()[pri:0, instance:CartModule.CartTest@79e2c065]" started-at="2023-03-01T12:36:19 IST" name="bsConfigration" finished-at="2023-03-01T12:36:19 IST" duration-ms="16" status="PASS">
          <reporter-output>
            <line>
              <![CDATA[- - - DataBase Connected Succesfully - - -]]>
            </line>
          </reporter-output>
        </test-method> <!-- bsConfigration -->
        <test-method is-config="true" signature="bcConfigration()[pri:0, instance:CartModule.CartTest@79e2c065]" started-at="2023-03-01T12:36:19 IST" name="bcConfigration" finished-at="2023-03-01T12:36:27 IST" duration-ms="7668" status="PASS">
          <reporter-output>
            <line>
              <![CDATA[ - - - chrome Has Launched Succesfully - - - ]]>
            </line>
          </reporter-output>
        </test-method> <!-- bcConfigration -->
        <test-method is-config="true" signature="bmConfigration()[pri:0, instance:CartModule.CartTest@79e2c065]" started-at="2023-03-01T12:36:27 IST" name="bmConfigration" finished-at="2023-03-01T12:36:29 IST" duration-ms="2455" status="PASS">
          <reporter-output>
            <line>
              <![CDATA[ - - - Logged Into The Application Succesfully - - - ]]>
            </line>
          </reporter-output>
        </test-method> <!-- bmConfigration -->
        <test-method signature="DeleteItem()[pri:0, instance:CartModule.CartTest@79e2c065]" started-at="2023-03-01T12:36:29 IST" name="DeleteItem" finished-at="2023-03-01T12:36:53 IST" duration-ms="24205" status="PASS">
          <reporter-output>
          </reporter-output>
        </test-method> <!-- DeleteItem -->
        <test-method is-config="true" signature="amConfigration()[pri:0, instance:CartModule.CartTest@79e2c065]" started-at="2023-03-01T12:36:53 IST" name="amConfigration" finished-at="2023-03-01T12:36:55 IST" duration-ms="1959" status="PASS">
          <reporter-output>
            <line>
              <![CDATA[ - - - Logged Out From The Application Succesfully - - - ]]>
            </line>
          </reporter-output>
        </test-method> <!-- amConfigration -->
        <test-method is-config="true" signature="acConfigration()[pri:0, instance:CartModule.CartTest@79e2c065]" started-at="2023-03-01T12:36:55 IST" name="acConfigration" finished-at="2023-03-01T12:36:56 IST" duration-ms="698" status="PASS">
          <reporter-output>
            <line>
              <![CDATA[ - - - chrome Has Closed Succesfully - - - ]]>
            </line>
          </reporter-output>
        </test-method> <!-- acConfigration -->
        <test-method is-config="true" signature="asConfigration()[pri:0, instance:CartModule.CartTest@79e2c065]" started-at="2023-03-01T12:36:57 IST" name="asConfigration" finished-at="2023-03-01T12:36:57 IST" duration-ms="1" status="PASS">
          <reporter-output>
            <line>
              <![CDATA[- - - DataBase Closed Succesfully - - - ]]>
            </line>
          </reporter-output>
        </test-method> <!-- asConfigration -->
      </class> <!-- CartModule.CartTest -->
    </test> <!-- Default test -->
  </suite> <!-- Default suite -->
</testng-results>
